> Task :compileJava UP-TO-DATE
> Task :processResources UP-TO-DATE
> Task :classes UP-TO-DATE
> Task :resolveMainClassName UP-TO-DATE

> Task :bootRun FAILED

  .   ____          _            __ _ _
 /\\ / ___'_ __ _ _(_)_ __  __ _ \ \ \ \
( ( )\___ | '_ | '_| | '_ \/ _` | \ \ \ \
 \\/  ___)| |_)| | | | | || (_| |  ) ) ) )
  '  |____| .__|_| |_|_| |_\__, | / / / /
 =========|_|==============|___/=/_/_/_/

 :: Spring Boot ::                (v3.5.7)

2025-10-27T15:44:40.500+09:00  INFO 83121 --- [spring-server-sent-event] [           main] c.e.s.SpringServerSentEventApplication   : Starting SpringServerSentEventApplication using Java 17.0.2 with PID 83121 (/Users/greencar/repo/github/spring-server-sent-event/build/classes/java/main started by greencar in /Users/greencar/repo/github/spring-server-sent-event)
2025-10-27T15:44:40.501+09:00  INFO 83121 --- [spring-server-sent-event] [           main] c.e.s.SpringServerSentEventApplication   : No active profile set, falling back to 1 default profile: "default"
2025-10-27T15:44:40.705+09:00  INFO 83121 --- [spring-server-sent-event] [           main] .s.d.r.c.RepositoryConfigurationDelegate : Bootstrapping Spring Data JPA repositories in DEFAULT mode.
2025-10-27T15:44:40.722+09:00  INFO 83121 --- [spring-server-sent-event] [           main] .s.d.r.c.RepositoryConfigurationDelegate : Finished Spring Data repository scanning in 14 ms. Found 1 JPA repository interface.
2025-10-27T15:44:40.880+09:00  INFO 83121 --- [spring-server-sent-event] [           main] o.s.b.w.embedded.tomcat.TomcatWebServer  : Tomcat initialized with port 8080 (http)
2025-10-27T15:44:40.885+09:00  INFO 83121 --- [spring-server-sent-event] [           main] o.apache.catalina.core.StandardService   : Starting service [Tomcat]
2025-10-27T15:44:40.885+09:00  INFO 83121 --- [spring-server-sent-event] [           main] o.apache.catalina.core.StandardEngine    : Starting Servlet engine: [Apache Tomcat/10.1.48]
2025-10-27T15:44:40.904+09:00  INFO 83121 --- [spring-server-sent-event] [           main] o.a.c.c.C.[Tomcat].[localhost].[/]       : Initializing Spring embedded WebApplicationContext
2025-10-27T15:44:40.904+09:00  INFO 83121 --- [spring-server-sent-event] [           main] w.s.c.ServletWebServerApplicationContext : Root WebApplicationContext: initialization completed in 390 ms
2025-10-27T15:44:40.959+09:00  INFO 83121 --- [spring-server-sent-event] [           main] o.hibernate.jpa.internal.util.LogHelper  : HHH000204: Processing PersistenceUnitInfo [name: default]
2025-10-27T15:44:40.974+09:00  INFO 83121 --- [spring-server-sent-event] [           main] org.hibernate.Version                    : HHH000412: Hibernate ORM core version 6.6.33.Final
2025-10-27T15:44:40.985+09:00  INFO 83121 --- [spring-server-sent-event] [           main] o.h.c.internal.RegionFactoryInitiator    : HHH000026: Second-level cache disabled
2025-10-27T15:44:41.072+09:00  INFO 83121 --- [spring-server-sent-event] [           main] o.s.o.j.p.SpringPersistenceUnitInfo      : No LoadTimeWeaver setup: ignoring JPA class transformer
2025-10-27T15:44:41.081+09:00  INFO 83121 --- [spring-server-sent-event] [           main] com.zaxxer.hikari.HikariDataSource       : HikariPool-1 - Starting...
2025-10-27T15:44:41.149+09:00  INFO 83121 --- [spring-server-sent-event] [           main] com.zaxxer.hikari.pool.HikariPool        : HikariPool-1 - Added connection conn0: url=jdbc:h2:mem:testdb user=SA
2025-10-27T15:44:41.150+09:00  INFO 83121 --- [spring-server-sent-event] [           main] com.zaxxer.hikari.HikariDataSource       : HikariPool-1 - Start completed.
2025-10-27T15:44:41.171+09:00  INFO 83121 --- [spring-server-sent-event] [           main] org.hibernate.orm.connections.pooling    : HHH10001005: Database info:
	Database JDBC URL [Connecting through datasource 'HikariDataSource (HikariPool-1)']
	Database driver: undefined/unknown
	Database version: 2.3.232
	Autocommit mode: undefined/unknown
	Isolation level: undefined/unknown
	Minimum pool size: undefined/unknown
	Maximum pool size: undefined/unknown
2025-10-27T15:44:41.428+09:00  INFO 83121 --- [spring-server-sent-event] [           main] o.h.e.t.j.p.i.JtaPlatformInitiator       : HHH000489: No JTA platform available (set 'hibernate.transaction.jta.platform' to enable JTA platform integration)
Hibernate: 
    drop table if exists meeting_room cascade 
Hibernate: 
    create table meeting_room (
        air_conditioner_off boolean not null,
        light_off boolean not null,
        trash_cleaned boolean not null,
        tv_off boolean not null,
        id bigint generated by default as identity,
        name varchar(255) not null,
        primary key (id)
    )
2025-10-27T15:44:41.438+09:00  INFO 83121 --- [spring-server-sent-event] [           main] j.LocalContainerEntityManagerFactoryBean : Initialized JPA EntityManagerFactory for persistence unit 'default'
2025-10-27T15:44:41.510+09:00  WARN 83121 --- [spring-server-sent-event] [           main] JpaBaseConfiguration$JpaWebConfiguration : spring.jpa.open-in-view is enabled by default. Therefore, database queries may be performed during view rendering. Explicitly configure spring.jpa.open-in-view to disable this warning
2025-10-27T15:44:41.519+09:00  INFO 83121 --- [spring-server-sent-event] [           main] o.s.b.a.w.s.WelcomePageHandlerMapping    : Adding welcome page template: index
2025-10-27T15:44:41.611+09:00  INFO 83121 --- [spring-server-sent-event] [           main] o.s.b.a.h2.H2ConsoleAutoConfiguration    : H2 console available at '/h2-console'. Database available at 'jdbc:h2:mem:testdb'
2025-10-27T15:44:41.636+09:00  WARN 83121 --- [spring-server-sent-event] [           main] ConfigServletWebServerApplicationContext : Exception encountered during context initialization - cancelling refresh attempt: org.springframework.context.ApplicationContextException: Failed to start bean 'webServerStartStop'
2025-10-27T15:44:41.636+09:00  INFO 83121 --- [spring-server-sent-event] [           main] j.LocalContainerEntityManagerFactoryBean : Closing JPA EntityManagerFactory for persistence unit 'default'
2025-10-27T15:44:41.637+09:00  INFO 83121 --- [spring-server-sent-event] [           main] com.zaxxer.hikari.HikariDataSource       : HikariPool-1 - Shutdown initiated...
2025-10-27T15:44:41.638+09:00  INFO 83121 --- [spring-server-sent-event] [           main] com.zaxxer.hikari.HikariDataSource       : HikariPool-1 - Shutdown completed.
2025-10-27T15:44:41.643+09:00  INFO 83121 --- [spring-server-sent-event] [           main] .s.b.a.l.ConditionEvaluationReportLogger : 

Error starting ApplicationContext. To display the condition evaluation report re-run your application with 'debug' enabled.
2025-10-27T15:44:41.648+09:00 ERROR 83121 --- [spring-server-sent-event] [           main] o.s.b.d.LoggingFailureAnalysisReporter   : 

***************************
APPLICATION FAILED TO START
***************************

Description:

Web server failed to start. Port 8080 was already in use.

Action:

Identify and stop the process that's listening on port 8080 or configure this application to listen on another port.


FAILURE: Build failed with an exception.

* What went wrong:
Execution failed for task ':bootRun'.
> Process 'command '/Library/Java/JavaVirtualMachines/jdk-17.0.2.jdk/Contents/Home/bin/java'' finished with non-zero exit value 1

* Try:
> Run with --stacktrace option to get the stack trace.
> Run with --info or --debug option to get more log output.
> Run with --scan to get full insights.
> Get more help at https://help.gradle.org.

BUILD FAILED in 2s
4 actionable tasks: 1 executed, 3 up-to-date
